build/app/outputs/mapping/release/mapping.txt
# compiler: R8
# compiler_version: 1.5.64
# min_api: 19
# pg_map_id: bfa34fc
...
com.google.firebase.auth.AuthCredential -> com.google.firebase.auth.c:
    com.google.firebase.auth.AuthCredential zza() -> f
    java.lang.String getProvider() -> r
com.google.firebase.auth.AuthResult -> com.google.firebase.auth.d:
    com.google.firebase.auth.AdditionalUserInfo getAdditionalUserInfo() -> e
com.google.firebase.auth.EmailAuthCredential -> com.google.firebase.auth.e:
    boolean zze -> f
    java.lang.String zzb -> c
    java.lang.String zza -> b
    java.lang.String zzd -> e
    java.lang.String zzc -> d
    com.google.firebase.auth.EmailAuthCredential zza(com.google.firebase.auth.FirebaseUser) -> a
    boolean zza(java.lang.String) -> a
    com.google.firebase.auth.AuthCredential zza() -> f
    java.lang.String zzb() -> g
    java.lang.String zzd() -> h
    java.lang.String getProvider() -> r
    java.lang.String getSignInMethod() -> s
    java.lang.String zzc() -> t
    boolean zzg() -> u
com.google.firebase.auth.EmailAuthProvider -> com.google.firebase.auth.f:
    com.google.firebase.auth.AuthCredential getCredential(java.lang.String,java.lang.String) -> a
    com.google.firebase.auth.AuthCredential getCredentialWithLink(java.lang.String,java.lang.String) -> b
com.google.firebase.auth.FacebookAuthCredential -> com.google.firebase.auth.g:
    java.lang.String zza -> b
    com.google.android.gms.internal.firebase_auth.zzfy zza(com.google.firebase.auth.FacebookAuthCredential,java.lang.String) -> a
    com.google.firebase.auth.AuthCredential zza() -> f
    java.lang.String getProvider() -> r
com.google.firebase.auth.FacebookAuthProvider -> com.google.firebase.auth.h:
    com.google.firebase.auth.AuthCredential getCredential(java.lang.String) -> a
com.google.firebase.auth.FederatedAuthProvider -> com.google.firebase.auth.i:
com.google.firebase.auth.FirebaseAuth -> com.google.firebase.auth.FirebaseAuth:
    java.lang.Object zzj -> j
    com.google.firebase.auth.FirebaseUser zzf -> f
    java.lang.Object zzh -> h
    java.lang.String zzi -> i
    java.lang.String zzk -> k
    com.google.firebase.auth.internal.zzav zzl -> l
    com.google.firebase.auth.internal.zzau zzn -> n
    com.google.firebase.auth.internal.zzaw zzo -> o
    java.util.List zzb -> b
    java.util.List zzd -> d
    java.util.List zzc -> c
    com.google.firebase.auth.internal.zzam zzm -> m
    com.google.firebase.auth.api.internal.zzau zze -> e
    com.google.firebase.auth.internal.zzo zzg -> g
    com.google.firebase.FirebaseApp zza -> a
    void addAuthStateListener(com.google.firebase.auth.FirebaseAuth$AuthStateListener) -> a
    com.google.android.gms.tasks.Task confirmPasswordReset(java.lang.String,java.lang.String) -> a
    com.google.android.gms.tasks.Task fetchSignInMethodsForEmail(java.lang.String) -> a
    com.google.android.gms.tasks.Task getAccessToken(boolean) -> a
    com.google.firebase.auth.FirebaseUser getCurrentUser() -> a
    com.google.android.gms.tasks.Task sendPasswordResetEmail(java.lang.String,com.google.firebase.auth.ActionCodeSettings) -> a
    com.google.android.gms.tasks.Task signInWithCredential(com.google.firebase.auth.AuthCredential) -> a
    com.google.android.gms.tasks.Task zza(com.google.firebase.auth.ActionCodeSettings,java.lang.String) -> a
com.google.firebase.auth.FirebaseAuth$AuthStateListener -> com.google.firebase.auth.FirebaseAuth$a:
    void onAuthStateChanged(com.google.firebase.auth.FirebaseAuth) -> a
com.google.firebase.auth.FirebaseAuth$IdTokenListener -> com.google.firebase.auth.FirebaseAuth$b:
    void onIdTokenChanged(com.google.firebase.auth.FirebaseAuth) -> a
com.google.firebase.auth.FirebaseAuth$zza -> com.google.firebase.auth.FirebaseAuth$c:
    com.google.firebase.auth.FirebaseAuth zza -> a
    void zza(com.google.android.gms.internal.firebase_auth.zzff,com.google.firebase.auth.FirebaseUser) -> a